2025-04-11 12:56:33,840 - INFO - --- Starting Market Data Fetcher (Interval: 60s) ---
2025-04-11 12:56:33,840 - INFO - Attempting database connection...
2025-04-11 12:56:35,957 - INFO - Database connected successfully.
2025-04-11 12:56:35,961 - INFO - Found 0 assets to track in DB.
2025-04-11 12:56:35,961 - WARNING - No assets configured for tracking in DB. Nothing to fetch.
2025-04-11 12:56:35,961 - INFO - Database connection closed.
2025-04-11 12:56:35,962 - INFO - Run finished in 2.12s. Sleeping for 57.88s...
2025-04-11 12:58:39,279 - INFO - --- Starting Market Data Fetcher (Interval: 60s) ---
2025-04-11 12:58:39,288 - INFO - Attempting database connection...
2025-04-11 12:58:41,363 - INFO - Database connected successfully.
2025-04-11 12:58:41,841 - INFO - Found 122360 assets to track in DB.
2025-04-11 12:58:41,850 - INFO - Fetching data for 122360 symbols...
2025-04-11 12:58:41,851 - INFO - Fetching batch 1/1020 (120 symbols)
2025-04-11 12:58:41,851 - INFO - Calling API: https://api.twelvedata.com/price for 120 symbols
2025-04-11 12:58:42,017 - ERROR - API Error 429: You have run out of API credits for the current minute. 123 API credits were used, with the current limit being 8. Wait for the next minute or consider switching to a higher tier plan at https://twelvedata.com/pricing
2025-04-11 12:58:42,017 - INFO - Fetching batch 2/1020 (120 symbols)
2025-04-11 12:58:42,018 - INFO - Calling API: https://api.twelvedata.com/price for 120 symbols
2025-04-11 12:58:42,172 - ERROR - API Error 429: You have run out of API credits for the current minute. 243 API credits were used, with the current limit being 8. Wait for the next minute or consider switching to a higher tier plan at https://twelvedata.com/pricing
2025-04-11 12:58:42,173 - INFO - Fetching batch 3/1020 (120 symbols)
2025-04-11 12:58:42,173 - INFO - Calling API: https://api.twelvedata.com/price for 120 symbols
2025-04-11 12:58:42,310 - ERROR - API Error 429: You have run out of API credits for the current minute. 363 API credits were used, with the current limit being 8. Wait for the next minute or consider switching to a higher tier plan at https://twelvedata.com/pricing
2025-04-11 12:58:42,310 - INFO - Fetching batch 4/1020 (120 symbols)
2025-04-11 12:58:42,310 - INFO - Calling API: https://api.twelvedata.com/price for 120 symbols
2025-04-11 12:58:42,498 - ERROR - API Error 429: You have run out of API credits for the current minute. 483 API credits were used, with the current limit being 8. Wait for the next minute or consider switching to a higher tier plan at https://twelvedata.com/pricing
2025-04-11 12:58:42,499 - INFO - Fetching batch 5/1020 (120 symbols)
2025-04-11 12:58:42,499 - INFO - Calling API: https://api.twelvedata.com/price for 120 symbols
2025-04-11 12:58:42,633 - ERROR - API Error 429: You have run out of API credits for the current minute. 603 API credits were used, with the current limit being 8. Wait for the next minute or consider switching to a higher tier plan at https://twelvedata.com/pricing
2025-04-11 12:58:42,634 - INFO - Fetching batch 6/1020 (120 symbols)
2025-04-11 12:58:42,634 - INFO - Calling API: https://api.twelvedata.com/price for 120 symbols
2025-04-11 12:58:42,783 - ERROR - API Error 429: You have run out of API credits for the current minute. 723 API credits were used, with the current limit being 8. Wait for the next minute or consider switching to a higher tier plan at https://twelvedata.com/pricing
2025-04-11 12:58:42,784 - INFO - Fetching batch 7/1020 (120 symbols)
2025-04-11 12:58:42,784 - INFO - Calling API: https://api.twelvedata.com/price for 120 symbols
2025-04-11 12:58:42,955 - ERROR - API Error 429: You have run out of API credits for the day. 844 API credits were used, with the current limit being 800. Wait for the next day or consider switching to a paid plan that will remove daily limits at https://twelvedata.com/pricing
2025-04-11 12:58:42,956 - INFO - Fetching batch 8/1020 (120 symbols)
2025-04-11 12:58:42,956 - INFO - Calling API: https://api.twelvedata.com/price for 120 symbols
2025-04-11 12:58:43,113 - ERROR - API Error 429: You have run out of API credits for the day. 964 API credits were used, with the current limit being 800. Wait for the next day or consider switching to a paid plan that will remove daily limits at https://twelvedata.com/pricing
2025-04-11 12:58:43,114 - INFO - Fetching batch 9/1020 (120 symbols)
2025-04-11 12:58:43,114 - INFO - Calling API: https://api.twelvedata.com/price for 120 symbols
2025-04-11 12:58:43,247 - ERROR - API Error 429: You have run out of API credits for the day. 1084 API credits were used, with the current limit being 800. Wait for the next day or consider switching to a paid plan that will remove daily limits at https://twelvedata.com/pricing
2025-04-11 12:58:43,247 - INFO - Fetching batch 10/1020 (120 symbols)
2025-04-11 12:58:43,247 - INFO - Calling API: https://api.twelvedata.com/price for 120 symbols
2025-04-11 12:58:43,416 - ERROR - API Error 429: You have run out of API credits for the day. 1204 API credits were used, with the current limit being 800. Wait for the next day or consider switching to a paid plan that will remove daily limits at https://twelvedata.com/pricing
2025-04-11 12:58:43,418 - INFO - Fetching batch 11/1020 (120 symbols)
2025-04-11 12:58:43,418 - INFO - Calling API: https://api.twelvedata.com/price for 120 symbols
2025-04-11 12:58:43,573 - ERROR - API Error 429: You have run out of API credits for the day. 1324 API credits were used, with the current limit being 800. Wait for the next day or consider switching to a paid plan that will remove daily limits at https://twelvedata.com/pricing
2025-04-11 12:58:43,574 - INFO - Fetching batch 12/1020 (120 symbols)
2025-04-11 12:58:43,574 - INFO - Calling API: https://api.twelvedata.com/price for 120 symbols
2025-04-11 12:58:43,726 - ERROR - API Error 429: You have run out of API credits for the day. 1444 API credits were used, with the current limit being 800. Wait for the next day or consider switching to a paid plan that will remove daily limits at https://twelvedata.com/pricing
2025-04-11 12:58:43,727 - INFO - Fetching batch 13/1020 (120 symbols)
2025-04-11 12:58:43,727 - INFO - Calling API: https://api.twelvedata.com/price for 120 symbols
2025-04-11 12:58:43,894 - ERROR - API Error 429: You have run out of API credits for the day. 1564 API credits were used, with the current limit being 800. Wait for the next day or consider switching to a paid plan that will remove daily limits at https://twelvedata.com/pricing
2025-04-11 12:58:43,895 - INFO - Fetching batch 14/1020 (120 symbols)
2025-04-11 12:58:43,895 - INFO - Calling API: https://api.twelvedata.com/price for 120 symbols
2025-04-11 12:58:44,059 - ERROR - API Error 429: You have run out of API credits for the day. 1684 API credits were used, with the current limit being 800. Wait for the next day or consider switching to a paid plan that will remove daily limits at https://twelvedata.com/pricing
2025-04-11 12:58:44,060 - INFO - Fetching batch 15/1020 (120 symbols)
2025-04-11 12:58:44,060 - INFO - Calling API: https://api.twelvedata.com/price for 120 symbols
2025-04-11 12:58:44,240 - ERROR - API Error 429: You have run out of API credits for the day. 1804 API credits were used, with the current limit being 800. Wait for the next day or consider switching to a paid plan that will remove daily limits at https://twelvedata.com/pricing
2025-04-11 12:58:44,241 - INFO - Fetching batch 16/1020 (120 symbols)
2025-04-11 12:58:44,241 - INFO - Calling API: https://api.twelvedata.com/price for 120 symbols
2025-04-11 12:58:44,495 - ERROR - API Error 429: You have run out of API credits for the day. 1924 API credits were used, with the current limit being 800. Wait for the next day or consider switching to a paid plan that will remove daily limits at https://twelvedata.com/pricing
2025-04-11 12:58:44,495 - INFO - Fetching batch 17/1020 (120 symbols)
2025-04-11 12:58:44,495 - INFO - Calling API: https://api.twelvedata.com/price for 120 symbols
2025-04-11 12:58:44,739 - ERROR - API Error 429: You have run out of API credits for the day. 2044 API credits were used, with the current limit being 800. Wait for the next day or consider switching to a paid plan that will remove daily limits at https://twelvedata.com/pricing
2025-04-11 12:58:44,740 - INFO - Fetching batch 18/1020 (120 symbols)
2025-04-11 12:58:44,740 - INFO - Calling API: https://api.twelvedata.com/price for 120 symbols
2025-04-11 12:58:45,014 - ERROR - API Error 429: You have run out of API credits for the day. 2164 API credits were used, with the current limit being 800. Wait for the next day or consider switching to a paid plan that will remove daily limits at https://twelvedata.com/pricing
2025-04-11 12:58:45,015 - INFO - Fetching batch 19/1020 (120 symbols)
2025-04-11 12:58:45,016 - INFO - Calling API: https://api.twelvedata.com/price for 120 symbols
2025-04-11 12:58:45,458 - ERROR - API Error 429: You have run out of API credits for the day. 2284 API credits were used, with the current limit being 800. Wait for the next day or consider switching to a paid plan that will remove daily limits at https://twelvedata.com/pricing
2025-04-11 12:58:45,459 - INFO - Fetching batch 20/1020 (120 symbols)
2025-04-11 12:58:45,459 - INFO - Calling API: https://api.twelvedata.com/price for 120 symbols
2025-04-11 12:58:45,646 - ERROR - API Error 429: You have run out of API credits for the day. 2404 API credits were used, with the current limit being 800. Wait for the next day or consider switching to a paid plan that will remove daily limits at https://twelvedata.com/pricing
2025-04-11 12:58:45,647 - INFO - Fetching batch 21/1020 (120 symbols)
2025-04-11 12:58:45,647 - INFO - Calling API: https://api.twelvedata.com/price for 120 symbols
2025-04-11 12:58:45,847 - ERROR - API Error 429: You have run out of API credits for the day. 2524 API credits were used, with the current limit being 800. Wait for the next day or consider switching to a paid plan that will remove daily limits at https://twelvedata.com/pricing
2025-04-11 12:58:45,848 - INFO - Fetching batch 22/1020 (120 symbols)
2025-04-11 12:58:45,848 - INFO - Calling API: https://api.twelvedata.com/price for 120 symbols
2025-04-11 12:58:46,019 - ERROR - API Error 429: You have run out of API credits for the day. 2644 API credits were used, with the current limit being 800. Wait for the next day or consider switching to a paid plan that will remove daily limits at https://twelvedata.com/pricing
2025-04-11 12:58:46,021 - INFO - Fetching batch 23/1020 (120 symbols)
2025-04-11 12:58:46,021 - INFO - Calling API: https://api.twelvedata.com/price for 120 symbols
2025-04-11 12:58:46,226 - ERROR - API Error 429: You have run out of API credits for the day. 2764 API credits were used, with the current limit being 800. Wait for the next day or consider switching to a paid plan that will remove daily limits at https://twelvedata.com/pricing
2025-04-11 12:58:46,226 - INFO - Fetching batch 24/1020 (120 symbols)
2025-04-11 12:58:46,227 - INFO - Calling API: https://api.twelvedata.com/price for 120 symbols
2025-04-11 12:58:46,364 - ERROR - API Error 429: You have run out of API credits for the day. 2884 API credits were used, with the current limit being 800. Wait for the next day or consider switching to a paid plan that will remove daily limits at https://twelvedata.com/pricing
2025-04-11 12:58:46,365 - INFO - Fetching batch 25/1020 (120 symbols)
2025-04-11 12:58:46,365 - INFO - Calling API: https://api.twelvedata.com/price for 120 symbols
2025-04-11 12:58:46,530 - ERROR - API Error 429: You have run out of API credits for the day. 3004 API credits were used, with the current limit being 800. Wait for the next day or consider switching to a paid plan that will remove daily limits at https://twelvedata.com/pricing
2025-04-11 12:58:46,531 - INFO - Fetching batch 26/1020 (120 symbols)
2025-04-11 12:58:46,531 - INFO - Calling API: https://api.twelvedata.com/price for 120 symbols
2025-04-11 12:58:46,707 - ERROR - API Error 429: You have run out of API credits for the day. 3124 API credits were used, with the current limit being 800. Wait for the next day or consider switching to a paid plan that will remove daily limits at https://twelvedata.com/pricing
2025-04-11 12:58:46,708 - INFO - Fetching batch 27/1020 (120 symbols)
2025-04-11 12:58:46,708 - INFO - Calling API: https://api.twelvedata.com/price for 120 symbols
2025-04-11 12:58:46,925 - ERROR - API Error 429: You have run out of API credits for the day. 3244 API credits were used, with the current limit being 800. Wait for the next day or consider switching to a paid plan that will remove daily limits at https://twelvedata.com/pricing
2025-04-11 12:58:46,925 - INFO - Fetching batch 28/1020 (120 symbols)
2025-04-11 12:58:46,926 - INFO - Calling API: https://api.twelvedata.com/price for 120 symbols
2025-04-11 12:58:47,173 - ERROR - API Error 429: You have run out of API credits for the day. 3364 API credits were used, with the current limit being 800. Wait for the next day or consider switching to a paid plan that will remove daily limits at https://twelvedata.com/pricing
2025-04-11 12:58:47,174 - INFO - Fetching batch 29/1020 (120 symbols)
2025-04-11 12:58:47,174 - INFO - Calling API: https://api.twelvedata.com/price for 120 symbols
2025-04-11 12:58:47,362 - ERROR - API Error 429: You have run out of API credits for the day. 3484 API credits were used, with the current limit being 800. Wait for the next day or consider switching to a paid plan that will remove daily limits at https://twelvedata.com/pricing
2025-04-11 12:58:47,363 - INFO - Fetching batch 30/1020 (120 symbols)
2025-04-11 12:58:47,363 - INFO - Calling API: https://api.twelvedata.com/price for 120 symbols
2025-04-11 12:58:47,502 - ERROR - API Error 429: You have run out of API credits for the day. 3604 API credits were used, with the current limit being 800. Wait for the next day or consider switching to a paid plan that will remove daily limits at https://twelvedata.com/pricing
2025-04-11 12:58:47,503 - INFO - Fetching batch 31/1020 (120 symbols)
2025-04-11 12:58:47,503 - INFO - Calling API: https://api.twelvedata.com/price for 120 symbols
2025-04-11 12:58:47,652 - ERROR - API Error 429: You have run out of API credits for the day. 3724 API credits were used, with the current limit being 800. Wait for the next day or consider switching to a paid plan that will remove daily limits at https://twelvedata.com/pricing
2025-04-11 12:58:47,652 - INFO - Fetching batch 32/1020 (120 symbols)
2025-04-11 12:58:47,652 - INFO - Calling API: https://api.twelvedata.com/price for 120 symbols
2025-04-11 12:58:47,809 - ERROR - API Error 429: You have run out of API credits for the day. 3844 API credits were used, with the current limit being 800. Wait for the next day or consider switching to a paid plan that will remove daily limits at https://twelvedata.com/pricing
2025-04-11 12:58:47,809 - INFO - Fetching batch 33/1020 (120 symbols)
2025-04-11 12:58:47,809 - INFO - Calling API: https://api.twelvedata.com/price for 120 symbols
2025-04-11 12:58:47,946 - ERROR - API Error 429: You have run out of API credits for the day. 3964 API credits were used, with the current limit being 800. Wait for the next day or consider switching to a paid plan that will remove daily limits at https://twelvedata.com/pricing
2025-04-11 12:58:47,946 - INFO - Fetching batch 34/1020 (120 symbols)
2025-04-11 12:58:47,946 - INFO - Calling API: https://api.twelvedata.com/price for 120 symbols
2025-04-11 12:58:48,080 - ERROR - API Error 429: You have run out of API credits for the day. 4084 API credits were used, with the current limit being 800. Wait for the next day or consider switching to a paid plan that will remove daily limits at https://twelvedata.com/pricing
2025-04-11 12:58:48,081 - INFO - Fetching batch 35/1020 (120 symbols)
2025-04-11 12:58:48,081 - INFO - Calling API: https://api.twelvedata.com/price for 120 symbols
2025-04-11 12:58:48,294 - ERROR - API Error 429: You have run out of API credits for the day. 4204 API credits were used, with the current limit being 800. Wait for the next day or consider switching to a paid plan that will remove daily limits at https://twelvedata.com/pricing
2025-04-11 12:58:48,296 - INFO - Fetching batch 36/1020 (120 symbols)
2025-04-11 12:58:48,296 - INFO - Calling API: https://api.twelvedata.com/price for 120 symbols
2025-04-11 12:58:48,447 - ERROR - API Error 429: You have run out of API credits for the day. 4324 API credits were used, with the current limit being 800. Wait for the next day or consider switching to a paid plan that will remove daily limits at https://twelvedata.com/pricing
2025-04-11 12:58:48,447 - INFO - Fetching batch 37/1020 (120 symbols)
2025-04-11 12:58:48,448 - INFO - Calling API: https://api.twelvedata.com/price for 120 symbols
2025-04-11 12:58:48,612 - ERROR - API Error 429: You have run out of API credits for the day. 4444 API credits were used, with the current limit being 800. Wait for the next day or consider switching to a paid plan that will remove daily limits at https://twelvedata.com/pricing
2025-04-11 12:58:48,612 - INFO - Fetching batch 38/1020 (120 symbols)
2025-04-11 12:58:48,613 - INFO - Calling API: https://api.twelvedata.com/price for 120 symbols
2025-04-11 12:58:48,739 - ERROR - API Error 429: You have run out of API credits for the day. 4564 API credits were used, with the current limit being 800. Wait for the next day or consider switching to a paid plan that will remove daily limits at https://twelvedata.com/pricing
2025-04-11 12:58:48,739 - INFO - Fetching batch 39/1020 (120 symbols)
2025-04-11 12:58:48,739 - INFO - Calling API: https://api.twelvedata.com/price for 120 symbols
2025-04-11 12:58:48,880 - ERROR - API Error 429: You have run out of API credits for the day. 4684 API credits were used, with the current limit being 800. Wait for the next day or consider switching to a paid plan that will remove daily limits at https://twelvedata.com/pricing
2025-04-11 12:58:48,881 - INFO - Fetching batch 40/1020 (120 symbols)
2025-04-11 12:58:48,881 - INFO - Calling API: https://api.twelvedata.com/price for 120 symbols
2025-04-11 12:58:49,040 - ERROR - API Error 429: You have run out of API credits for the day. 4804 API credits were used, with the current limit being 800. Wait for the next day or consider switching to a paid plan that will remove daily limits at https://twelvedata.com/pricing
2025-04-11 12:58:49,040 - INFO - Fetching batch 41/1020 (120 symbols)
2025-04-11 12:58:49,040 - INFO - Calling API: https://api.twelvedata.com/price for 120 symbols
2025-04-11 12:58:49,174 - ERROR - API Error 429: You have run out of API credits for the day. 4924 API credits were used, with the current limit being 800. Wait for the next day or consider switching to a paid plan that will remove daily limits at https://twelvedata.com/pricing
2025-04-11 12:58:49,174 - INFO - Fetching batch 42/1020 (120 symbols)
2025-04-11 12:58:49,174 - INFO - Calling API: https://api.twelvedata.com/price for 120 symbols
2025-04-11 12:58:49,334 - ERROR - API Error 429: You have run out of API credits for the day. 5044 API credits were used, with the current limit being 800. Wait for the next day or consider switching to a paid plan that will remove daily limits at https://twelvedata.com/pricing
2025-04-11 12:58:49,335 - INFO - Fetching batch 43/1020 (120 symbols)
2025-04-11 12:58:49,335 - INFO - Calling API: https://api.twelvedata.com/price for 120 symbols
2025-04-11 12:58:49,489 - ERROR - API Error 429: You have run out of API credits for the day. 5164 API credits were used, with the current limit being 800. Wait for the next day or consider switching to a paid plan that will remove daily limits at https://twelvedata.com/pricing
2025-04-11 12:58:49,490 - INFO - Fetching batch 44/1020 (120 symbols)
2025-04-11 12:58:49,490 - INFO - Calling API: https://api.twelvedata.com/price for 120 symbols
2025-04-11 12:58:49,698 - ERROR - API Error 429: You have run out of API credits for the day. 5284 API credits were used, with the current limit being 800. Wait for the next day or consider switching to a paid plan that will remove daily limits at https://twelvedata.com/pricing
2025-04-11 12:58:49,698 - INFO - Fetching batch 45/1020 (120 symbols)
2025-04-11 12:58:49,698 - INFO - Calling API: https://api.twelvedata.com/price for 120 symbols
2025-04-11 12:58:49,840 - ERROR - API Error 429: You have run out of API credits for the day. 5404 API credits were used, with the current limit being 800. Wait for the next day or consider switching to a paid plan that will remove daily limits at https://twelvedata.com/pricing
2025-04-11 12:58:49,840 - INFO - Fetching batch 46/1020 (120 symbols)
2025-04-11 12:58:49,841 - INFO - Calling API: https://api.twelvedata.com/price for 120 symbols
2025-04-11 12:58:49,975 - ERROR - API Error 429: You have run out of API credits for the day. 5524 API credits were used, with the current limit being 800. Wait for the next day or consider switching to a paid plan that will remove daily limits at https://twelvedata.com/pricing
2025-04-11 12:58:49,977 - INFO - Fetching batch 47/1020 (120 symbols)
2025-04-11 12:58:49,977 - INFO - Calling API: https://api.twelvedata.com/price for 120 symbols
2025-04-11 12:58:50,133 - ERROR - API Error 429: You have run out of API credits for the day. 5644 API credits were used, with the current limit being 800. Wait for the next day or consider switching to a paid plan that will remove daily limits at https://twelvedata.com/pricing
2025-04-11 12:58:50,134 - INFO - Fetching batch 48/1020 (120 symbols)
2025-04-11 12:58:50,134 - INFO - Calling API: https://api.twelvedata.com/price for 120 symbols
2025-04-11 12:58:50,281 - ERROR - API Error 429: You have run out of API credits for the day. 5764 API credits were used, with the current limit being 800. Wait for the next day or consider switching to a paid plan that will remove daily limits at https://twelvedata.com/pricing
2025-04-11 12:58:50,282 - INFO - Fetching batch 49/1020 (120 symbols)
2025-04-11 12:58:50,282 - INFO - Calling API: https://api.twelvedata.com/price for 120 symbols
2025-04-11 12:58:50,447 - ERROR - API Error 429: You have run out of API credits for the day. 5884 API credits were used, with the current limit being 800. Wait for the next day or consider switching to a paid plan that will remove daily limits at https://twelvedata.com/pricing
2025-04-11 12:58:50,448 - INFO - Fetching batch 50/1020 (120 symbols)
2025-04-11 12:58:50,448 - INFO - Calling API: https://api.twelvedata.com/price for 120 symbols
2025-04-11 12:58:50,574 - ERROR - API Error 429: You have run out of API credits for the day. 6004 API credits were used, with the current limit being 800. Wait for the next day or consider switching to a paid plan that will remove daily limits at https://twelvedata.com/pricing
2025-04-11 12:58:50,576 - INFO - Fetching batch 51/1020 (120 symbols)
2025-04-11 12:58:50,576 - INFO - Calling API: https://api.twelvedata.com/price for 120 symbols
2025-04-11 12:58:50,725 - ERROR - API Error 429: You have run out of API credits for the day. 6124 API credits were used, with the current limit being 800. Wait for the next day or consider switching to a paid plan that will remove daily limits at https://twelvedata.com/pricing
2025-04-11 12:58:50,726 - INFO - Fetching batch 52/1020 (120 symbols)
2025-04-11 12:58:50,726 - INFO - Calling API: https://api.twelvedata.com/price for 120 symbols
2025-04-11 12:58:50,866 - ERROR - API Error 429: You have run out of API credits for the day. 6244 API credits were used, with the current limit being 800. Wait for the next day or consider switching to a paid plan that will remove daily limits at https://twelvedata.com/pricing
2025-04-11 12:58:50,866 - INFO - Fetching batch 53/1020 (120 symbols)
2025-04-11 12:58:50,867 - INFO - Calling API: https://api.twelvedata.com/price for 120 symbols
2025-04-11 12:58:51,003 - ERROR - API Error 429: You have run out of API credits for the day. 6364 API credits were used, with the current limit being 800. Wait for the next day or consider switching to a paid plan that will remove daily limits at https://twelvedata.com/pricing
2025-04-11 12:58:51,004 - INFO - Fetching batch 54/1020 (120 symbols)
2025-04-11 12:58:51,004 - INFO - Calling API: https://api.twelvedata.com/price for 120 symbols
2025-04-11 12:58:51,144 - ERROR - API Error 429: You have run out of API credits for the day. 6484 API credits were used, with the current limit being 800. Wait for the next day or consider switching to a paid plan that will remove daily limits at https://twelvedata.com/pricing
2025-04-11 12:58:51,145 - INFO - Fetching batch 55/1020 (120 symbols)
2025-04-11 12:58:51,145 - INFO - Calling API: https://api.twelvedata.com/price for 120 symbols
2025-04-11 12:58:51,305 - ERROR - API Error 429: You have run out of API credits for the day. 6604 API credits were used, with the current limit being 800. Wait for the next day or consider switching to a paid plan that will remove daily limits at https://twelvedata.com/pricing
2025-04-11 12:58:51,305 - INFO - Fetching batch 56/1020 (120 symbols)
2025-04-11 12:58:51,306 - INFO - Calling API: https://api.twelvedata.com/price for 120 symbols
2025-04-11 12:58:51,476 - ERROR - API Error 429: You have run out of API credits for the day. 6724 API credits were used, with the current limit being 800. Wait for the next day or consider switching to a paid plan that will remove daily limits at https://twelvedata.com/pricing
2025-04-11 12:58:51,476 - INFO - Fetching batch 57/1020 (120 symbols)
2025-04-11 12:58:51,476 - INFO - Calling API: https://api.twelvedata.com/price for 120 symbols
2025-04-11 12:58:51,701 - ERROR - API Error 429: You have run out of API credits for the day. 6844 API credits were used, with the current limit being 800. Wait for the next day or consider switching to a paid plan that will remove daily limits at https://twelvedata.com/pricing
2025-04-11 12:58:51,701 - INFO - Fetching batch 58/1020 (120 symbols)
2025-04-11 12:58:51,702 - INFO - Calling API: https://api.twelvedata.com/price for 120 symbols
2025-04-11 12:58:51,841 - ERROR - API Error 429: You have run out of API credits for the day. 6964 API credits were used, with the current limit being 800. Wait for the next day or consider switching to a paid plan that will remove daily limits at https://twelvedata.com/pricing
2025-04-11 12:58:51,842 - INFO - Fetching batch 59/1020 (120 symbols)
2025-04-11 12:58:51,842 - INFO - Calling API: https://api.twelvedata.com/price for 120 symbols
2025-04-11 12:58:51,977 - ERROR - API Error 429: You have run out of API credits for the day. 7084 API credits were used, with the current limit being 800. Wait for the next day or consider switching to a paid plan that will remove daily limits at https://twelvedata.com/pricing
2025-04-11 12:58:51,978 - INFO - Fetching batch 60/1020 (120 symbols)
2025-04-11 12:58:51,978 - INFO - Calling API: https://api.twelvedata.com/price for 120 symbols
2025-04-11 12:58:52,131 - ERROR - API Error 429: You have run out of API credits for the day. 7204 API credits were used, with the current limit being 800. Wait for the next day or consider switching to a paid plan that will remove daily limits at https://twelvedata.com/pricing
2025-04-11 12:58:52,132 - INFO - Fetching batch 61/1020 (120 symbols)
2025-04-11 12:58:52,132 - INFO - Calling API: https://api.twelvedata.com/price for 120 symbols
2025-04-11 12:58:52,277 - ERROR - API Error 429: You have run out of API credits for the day. 7324 API credits were used, with the current limit being 800. Wait for the next day or consider switching to a paid plan that will remove daily limits at https://twelvedata.com/pricing
2025-04-11 12:58:52,278 - INFO - Fetching batch 62/1020 (120 symbols)
2025-04-11 12:58:52,278 - INFO - Calling API: https://api.twelvedata.com/price for 120 symbols
2025-04-11 12:58:52,418 - ERROR - API Error 429: You have run out of API credits for the day. 7444 API credits were used, with the current limit being 800. Wait for the next day or consider switching to a paid plan that will remove daily limits at https://twelvedata.com/pricing
2025-04-11 12:58:52,419 - INFO - Fetching batch 63/1020 (120 symbols)
2025-04-11 12:58:52,419 - INFO - Calling API: https://api.twelvedata.com/price for 120 symbols
2025-04-11 12:58:52,551 - ERROR - API Error 429: You have run out of API credits for the day. 7564 API credits were used, with the current limit being 800. Wait for the next day or consider switching to a paid plan that will remove daily limits at https://twelvedata.com/pricing
2025-04-11 12:58:52,552 - INFO - Fetching batch 64/1020 (120 symbols)
2025-04-11 12:58:52,552 - INFO - Calling API: https://api.twelvedata.com/price for 120 symbols
2025-04-11 12:58:52,714 - ERROR - API Error 429: You have run out of API credits for the day. 7684 API credits were used, with the current limit being 800. Wait for the next day or consider switching to a paid plan that will remove daily limits at https://twelvedata.com/pricing
2025-04-11 12:58:52,715 - INFO - Fetching batch 65/1020 (120 symbols)
2025-04-11 12:58:52,715 - INFO - Calling API: https://api.twelvedata.com/price for 120 symbols
2025-04-11 12:58:52,870 - ERROR - API Error 429: You have run out of API credits for the day. 7804 API credits were used, with the current limit being 800. Wait for the next day or consider switching to a paid plan that will remove daily limits at https://twelvedata.com/pricing
2025-04-11 12:58:52,870 - INFO - Fetching batch 66/1020 (120 symbols)
2025-04-11 12:58:52,871 - INFO - Calling API: https://api.twelvedata.com/price for 120 symbols
2025-04-11 12:58:52,998 - INFO - Database connection closed.
2025-04-11 12:59:49,436 - INFO - --- Starting Market Data Fetcher (Interval: 60s) ---
2025-04-11 12:59:49,437 - INFO - Attempting database connection...
2025-04-11 12:59:51,521 - INFO - Database connected successfully.
2025-04-11 12:59:52,005 - INFO - Found 122360 assets to track in DB.
2025-04-11 12:59:52,013 - INFO - Fetching data for 122360 symbols...
2025-04-11 12:59:52,014 - INFO - Fetching batch 1/1020 (120 symbols)
2025-04-11 12:59:52,014 - INFO - Calling API: https://api.twelvedata.com/price for 120 symbols
2025-04-11 12:59:52,187 - ERROR - API Error 429: You have run out of API credits for the day. 8044 API credits were used, with the current limit being 800. Wait for the next day or consider switching to a paid plan that will remove daily limits at https://twelvedata.com/pricing
2025-04-11 12:59:52,188 - INFO - Fetching batch 2/1020 (120 symbols)
2025-04-11 12:59:52,190 - INFO - Calling API: https://api.twelvedata.com/price for 120 symbols
2025-04-11 12:59:52,335 - ERROR - API Error 429: You have run out of API credits for the day. 8164 API credits were used, with the current limit being 800. Wait for the next day or consider switching to a paid plan that will remove daily limits at https://twelvedata.com/pricing
2025-04-11 12:59:52,335 - INFO - Fetching batch 3/1020 (120 symbols)
2025-04-11 12:59:52,335 - INFO - Calling API: https://api.twelvedata.com/price for 120 symbols
2025-04-11 12:59:52,486 - ERROR - API Error 429: You have run out of API credits for the day. 8284 API credits were used, with the current limit being 800. Wait for the next day or consider switching to a paid plan that will remove daily limits at https://twelvedata.com/pricing
2025-04-11 12:59:52,488 - INFO - Fetching batch 4/1020 (120 symbols)
2025-04-11 12:59:52,488 - INFO - Calling API: https://api.twelvedata.com/price for 120 symbols
2025-04-11 12:59:52,609 - ERROR - API Error 429: You have run out of API credits for the day. 8404 API credits were used, with the current limit being 800. Wait for the next day or consider switching to a paid plan that will remove daily limits at https://twelvedata.com/pricing
2025-04-11 12:59:52,609 - INFO - Fetching batch 5/1020 (120 symbols)
2025-04-11 12:59:52,609 - INFO - Calling API: https://api.twelvedata.com/price for 120 symbols
2025-04-11 12:59:52,737 - ERROR - API Error 429: You have run out of API credits for the day. 8524 API credits were used, with the current limit being 800. Wait for the next day or consider switching to a paid plan that will remove daily limits at https://twelvedata.com/pricing
2025-04-11 12:59:52,737 - INFO - Fetching batch 6/1020 (120 symbols)
2025-04-11 12:59:52,738 - INFO - Calling API: https://api.twelvedata.com/price for 120 symbols
2025-04-11 12:59:52,875 - ERROR - API Error 429: You have run out of API credits for the day. 8644 API credits were used, with the current limit being 800. Wait for the next day or consider switching to a paid plan that will remove daily limits at https://twelvedata.com/pricing
2025-04-11 12:59:52,875 - INFO - Fetching batch 7/1020 (120 symbols)
2025-04-11 12:59:52,876 - INFO - Calling API: https://api.twelvedata.com/price for 120 symbols
2025-04-11 12:59:53,005 - ERROR - API Error 429: You have run out of API credits for the day. 8764 API credits were used, with the current limit being 800. Wait for the next day or consider switching to a paid plan that will remove daily limits at https://twelvedata.com/pricing
2025-04-11 12:59:53,005 - INFO - Fetching batch 8/1020 (120 symbols)
2025-04-11 12:59:53,006 - INFO - Calling API: https://api.twelvedata.com/price for 120 symbols
2025-04-11 12:59:53,160 - ERROR - API Error 429: You have run out of API credits for the day. 8884 API credits were used, with the current limit being 800. Wait for the next day or consider switching to a paid plan that will remove daily limits at https://twelvedata.com/pricing
2025-04-11 12:59:53,161 - INFO - Fetching batch 9/1020 (120 symbols)
2025-04-11 12:59:53,161 - INFO - Calling API: https://api.twelvedata.com/price for 120 symbols
2025-04-11 12:59:53,310 - ERROR - API Error 429: You have run out of API credits for the day. 9004 API credits were used, with the current limit being 800. Wait for the next day or consider switching to a paid plan that will remove daily limits at https://twelvedata.com/pricing
2025-04-11 12:59:53,311 - INFO - Fetching batch 10/1020 (120 symbols)
2025-04-11 12:59:53,311 - INFO - Calling API: https://api.twelvedata.com/price for 120 symbols
2025-04-11 12:59:53,442 - ERROR - API Error 429: You have run out of API credits for the day. 9124 API credits were used, with the current limit being 800. Wait for the next day or consider switching to a paid plan that will remove daily limits at https://twelvedata.com/pricing
2025-04-11 12:59:53,443 - INFO - Fetching batch 11/1020 (120 symbols)
2025-04-11 12:59:53,443 - INFO - Calling API: https://api.twelvedata.com/price for 120 symbols
2025-04-11 12:59:53,586 - ERROR - API Error 429: You have run out of API credits for the day. 9244 API credits were used, with the current limit being 800. Wait for the next day or consider switching to a paid plan that will remove daily limits at https://twelvedata.com/pricing
2025-04-11 12:59:53,587 - INFO - Fetching batch 12/1020 (120 symbols)
2025-04-11 12:59:53,587 - INFO - Calling API: https://api.twelvedata.com/price for 120 symbols
2025-04-11 12:59:53,732 - ERROR - API Error 429: You have run out of API credits for the day. 9364 API credits were used, with the current limit being 800. Wait for the next day or consider switching to a paid plan that will remove daily limits at https://twelvedata.com/pricing
2025-04-11 12:59:53,732 - INFO - Fetching batch 13/1020 (120 symbols)
2025-04-11 12:59:53,732 - INFO - Calling API: https://api.twelvedata.com/price for 120 symbols
2025-04-11 12:59:53,972 - ERROR - API Error 429: You have run out of API credits for the day. 9484 API credits were used, with the current limit being 800. Wait for the next day or consider switching to a paid plan that will remove daily limits at https://twelvedata.com/pricing
2025-04-11 12:59:53,973 - INFO - Fetching batch 14/1020 (120 symbols)
2025-04-11 12:59:53,973 - INFO - Calling API: https://api.twelvedata.com/price for 120 symbols
2025-04-11 12:59:54,107 - ERROR - API Error 429: You have run out of API credits for the day. 9604 API credits were used, with the current limit being 800. Wait for the next day or consider switching to a paid plan that will remove daily limits at https://twelvedata.com/pricing
2025-04-11 12:59:54,107 - INFO - Fetching batch 15/1020 (120 symbols)
2025-04-11 12:59:54,107 - INFO - Calling API: https://api.twelvedata.com/price for 120 symbols
2025-04-11 12:59:54,240 - ERROR - API Error 429: You have run out of API credits for the day. 9724 API credits were used, with the current limit being 800. Wait for the next day or consider switching to a paid plan that will remove daily limits at https://twelvedata.com/pricing
2025-04-11 12:59:54,241 - INFO - Fetching batch 16/1020 (120 symbols)
2025-04-11 12:59:54,241 - INFO - Calling API: https://api.twelvedata.com/price for 120 symbols
2025-04-11 12:59:54,394 - ERROR - API Error 429: You have run out of API credits for the day. 9844 API credits were used, with the current limit being 800. Wait for the next day or consider switching to a paid plan that will remove daily limits at https://twelvedata.com/pricing
2025-04-11 12:59:54,395 - INFO - Fetching batch 17/1020 (120 symbols)
2025-04-11 12:59:54,395 - INFO - Calling API: https://api.twelvedata.com/price for 120 symbols
2025-04-11 12:59:54,565 - ERROR - API Error 429: You have run out of API credits for the day. 9964 API credits were used, with the current limit being 800. Wait for the next day or consider switching to a paid plan that will remove daily limits at https://twelvedata.com/pricing
2025-04-11 12:59:54,566 - INFO - Fetching batch 18/1020 (120 symbols)
2025-04-11 12:59:54,566 - INFO - Calling API: https://api.twelvedata.com/price for 120 symbols
2025-04-11 12:59:54,721 - ERROR - API Error 429: You have run out of API credits for the day. 10084 API credits were used, with the current limit being 800. Wait for the next day or consider switching to a paid plan that will remove daily limits at https://twelvedata.com/pricing
2025-04-11 12:59:54,721 - INFO - Fetching batch 19/1020 (120 symbols)
2025-04-11 12:59:54,723 - INFO - Calling API: https://api.twelvedata.com/price for 120 symbols
2025-04-11 12:59:54,913 - ERROR - API Error 429: You have run out of API credits for the day. 10204 API credits were used, with the current limit being 800. Wait for the next day or consider switching to a paid plan that will remove daily limits at https://twelvedata.com/pricing
2025-04-11 12:59:54,914 - INFO - Fetching batch 20/1020 (120 symbols)
2025-04-11 12:59:54,914 - INFO - Calling API: https://api.twelvedata.com/price for 120 symbols
2025-04-11 12:59:55,061 - ERROR - API Error 429: You have run out of API credits for the day. 10324 API credits were used, with the current limit being 800. Wait for the next day or consider switching to a paid plan that will remove daily limits at https://twelvedata.com/pricing
2025-04-11 12:59:55,061 - INFO - Fetching batch 21/1020 (120 symbols)
2025-04-11 12:59:55,061 - INFO - Calling API: https://api.twelvedata.com/price for 120 symbols
2025-04-11 12:59:55,234 - ERROR - API Error 429: You have run out of API credits for the day. 10444 API credits were used, with the current limit being 800. Wait for the next day or consider switching to a paid plan that will remove daily limits at https://twelvedata.com/pricing
2025-04-11 12:59:55,235 - INFO - Fetching batch 22/1020 (120 symbols)
2025-04-11 12:59:55,235 - INFO - Calling API: https://api.twelvedata.com/price for 120 symbols
2025-04-11 12:59:55,414 - ERROR - API Error 429: You have run out of API credits for the day. 10564 API credits were used, with the current limit being 800. Wait for the next day or consider switching to a paid plan that will remove daily limits at https://twelvedata.com/pricing
2025-04-11 12:59:55,416 - INFO - Fetching batch 23/1020 (120 symbols)
2025-04-11 12:59:55,416 - INFO - Calling API: https://api.twelvedata.com/price for 120 symbols
2025-04-11 12:59:55,575 - ERROR - API Error 429: You have run out of API credits for the day. 10684 API credits were used, with the current limit being 800. Wait for the next day or consider switching to a paid plan that will remove daily limits at https://twelvedata.com/pricing
2025-04-11 12:59:55,575 - INFO - Fetching batch 24/1020 (120 symbols)
2025-04-11 12:59:55,576 - INFO - Calling API: https://api.twelvedata.com/price for 120 symbols
2025-04-11 12:59:55,727 - ERROR - API Error 429: You have run out of API credits for the day. 10804 API credits were used, with the current limit being 800. Wait for the next day or consider switching to a paid plan that will remove daily limits at https://twelvedata.com/pricing
2025-04-11 12:59:55,729 - INFO - Fetching batch 25/1020 (120 symbols)
2025-04-11 12:59:55,729 - INFO - Calling API: https://api.twelvedata.com/price for 120 symbols
2025-04-11 12:59:55,923 - ERROR - API Error 429: You have run out of API credits for the day. 10924 API credits were used, with the current limit being 800. Wait for the next day or consider switching to a paid plan that will remove daily limits at https://twelvedata.com/pricing
2025-04-11 12:59:55,924 - INFO - Fetching batch 26/1020 (120 symbols)
2025-04-11 12:59:55,924 - INFO - Calling API: https://api.twelvedata.com/price for 120 symbols
2025-04-11 12:59:56,064 - ERROR - API Error 429: You have run out of API credits for the day. 11044 API credits were used, with the current limit being 800. Wait for the next day or consider switching to a paid plan that will remove daily limits at https://twelvedata.com/pricing
2025-04-11 12:59:56,065 - INFO - Fetching batch 27/1020 (120 symbols)
2025-04-11 12:59:56,065 - INFO - Calling API: https://api.twelvedata.com/price for 120 symbols
2025-04-11 12:59:56,205 - ERROR - API Error 429: You have run out of API credits for the day. 11164 API credits were used, with the current limit being 800. Wait for the next day or consider switching to a paid plan that will remove daily limits at https://twelvedata.com/pricing
2025-04-11 12:59:56,207 - INFO - Fetching batch 28/1020 (120 symbols)
2025-04-11 12:59:56,207 - INFO - Calling API: https://api.twelvedata.com/price for 120 symbols
2025-04-11 12:59:56,348 - ERROR - API Error 429: You have run out of API credits for the day. 11284 API credits were used, with the current limit being 800. Wait for the next day or consider switching to a paid plan that will remove daily limits at https://twelvedata.com/pricing
2025-04-11 12:59:56,349 - INFO - Fetching batch 29/1020 (120 symbols)
2025-04-11 12:59:56,349 - INFO - Calling API: https://api.twelvedata.com/price for 120 symbols
2025-04-11 12:59:56,487 - ERROR - API Error 429: You have run out of API credits for the day. 11404 API credits were used, with the current limit being 800. Wait for the next day or consider switching to a paid plan that will remove daily limits at https://twelvedata.com/pricing
2025-04-11 12:59:56,488 - INFO - Fetching batch 30/1020 (120 symbols)
2025-04-11 12:59:56,488 - INFO - Calling API: https://api.twelvedata.com/price for 120 symbols
2025-04-11 12:59:56,657 - ERROR - API Error 429: You have run out of API credits for the day. 11524 API credits were used, with the current limit being 800. Wait for the next day or consider switching to a paid plan that will remove daily limits at https://twelvedata.com/pricing
2025-04-11 12:59:56,658 - INFO - Fetching batch 31/1020 (120 symbols)
2025-04-11 12:59:56,658 - INFO - Calling API: https://api.twelvedata.com/price for 120 symbols
2025-04-11 12:59:56,809 - ERROR - API Error 429: You have run out of API credits for the day. 11644 API credits were used, with the current limit being 800. Wait for the next day or consider switching to a paid plan that will remove daily limits at https://twelvedata.com/pricing
2025-04-11 12:59:56,809 - INFO - Fetching batch 32/1020 (120 symbols)
2025-04-11 12:59:56,810 - INFO - Calling API: https://api.twelvedata.com/price for 120 symbols
2025-04-11 12:59:56,966 - ERROR - API Error 429: You have run out of API credits for the day. 11764 API credits were used, with the current limit being 800. Wait for the next day or consider switching to a paid plan that will remove daily limits at https://twelvedata.com/pricing
2025-04-11 12:59:56,967 - INFO - Fetching batch 33/1020 (120 symbols)
2025-04-11 12:59:56,968 - INFO - Calling API: https://api.twelvedata.com/price for 120 symbols
2025-04-11 12:59:57,103 - ERROR - API Error 429: You have run out of API credits for the day. 11884 API credits were used, with the current limit being 800. Wait for the next day or consider switching to a paid plan that will remove daily limits at https://twelvedata.com/pricing
2025-04-11 12:59:57,103 - INFO - Fetching batch 34/1020 (120 symbols)
2025-04-11 12:59:57,103 - INFO - Calling API: https://api.twelvedata.com/price for 120 symbols
2025-04-11 12:59:57,247 - ERROR - API Error 429: You have run out of API credits for the day. 12004 API credits were used, with the current limit being 800. Wait for the next day or consider switching to a paid plan that will remove daily limits at https://twelvedata.com/pricing
2025-04-11 12:59:57,248 - INFO - Fetching batch 35/1020 (120 symbols)
2025-04-11 12:59:57,248 - INFO - Calling API: https://api.twelvedata.com/price for 120 symbols
2025-04-11 12:59:57,452 - ERROR - API Error 429: You have run out of API credits for the day. 12124 API credits were used, with the current limit being 800. Wait for the next day or consider switching to a paid plan that will remove daily limits at https://twelvedata.com/pricing
2025-04-11 12:59:57,453 - INFO - Fetching batch 36/1020 (120 symbols)
2025-04-11 12:59:57,453 - INFO - Calling API: https://api.twelvedata.com/price for 120 symbols
2025-04-11 12:59:57,583 - ERROR - API Error 429: You have run out of API credits for the day. 12244 API credits were used, with the current limit being 800. Wait for the next day or consider switching to a paid plan that will remove daily limits at https://twelvedata.com/pricing
2025-04-11 12:59:57,583 - INFO - Fetching batch 37/1020 (120 symbols)
2025-04-11 12:59:57,584 - INFO - Calling API: https://api.twelvedata.com/price for 120 symbols
2025-04-11 12:59:57,718 - ERROR - API Error 429: You have run out of API credits for the day. 12364 API credits were used, with the current limit being 800. Wait for the next day or consider switching to a paid plan that will remove daily limits at https://twelvedata.com/pricing
2025-04-11 12:59:57,718 - INFO - Fetching batch 38/1020 (120 symbols)
2025-04-11 12:59:57,718 - INFO - Calling API: https://api.twelvedata.com/price for 120 symbols
2025-04-11 12:59:57,863 - ERROR - API Error 429: You have run out of API credits for the day. 12484 API credits were used, with the current limit being 800. Wait for the next day or consider switching to a paid plan that will remove daily limits at https://twelvedata.com/pricing
2025-04-11 12:59:57,864 - INFO - Fetching batch 39/1020 (120 symbols)
2025-04-11 12:59:57,864 - INFO - Calling API: https://api.twelvedata.com/price for 120 symbols
2025-04-11 12:59:58,022 - ERROR - API Error 429: You have run out of API credits for the day. 12604 API credits were used, with the current limit being 800. Wait for the next day or consider switching to a paid plan that will remove daily limits at https://twelvedata.com/pricing
2025-04-11 12:59:58,023 - INFO - Fetching batch 40/1020 (120 symbols)
2025-04-11 12:59:58,023 - INFO - Calling API: https://api.twelvedata.com/price for 120 symbols
2025-04-11 12:59:58,162 - ERROR - API Error 429: You have run out of API credits for the day. 12724 API credits were used, with the current limit being 800. Wait for the next day or consider switching to a paid plan that will remove daily limits at https://twelvedata.com/pricing
2025-04-11 12:59:58,163 - INFO - Fetching batch 41/1020 (120 symbols)
2025-04-11 12:59:58,163 - INFO - Calling API: https://api.twelvedata.com/price for 120 symbols
2025-04-11 12:59:58,294 - ERROR - API Error 429: You have run out of API credits for the day. 12844 API credits were used, with the current limit being 800. Wait for the next day or consider switching to a paid plan that will remove daily limits at https://twelvedata.com/pricing
2025-04-11 12:59:58,294 - INFO - Fetching batch 42/1020 (120 symbols)
2025-04-11 12:59:58,294 - INFO - Calling API: https://api.twelvedata.com/price for 120 symbols
2025-04-11 12:59:58,456 - ERROR - API Error 429: You have run out of API credits for the day. 12964 API credits were used, with the current limit being 800. Wait for the next day or consider switching to a paid plan that will remove daily limits at https://twelvedata.com/pricing
2025-04-11 12:59:58,457 - INFO - Fetching batch 43/1020 (120 symbols)
2025-04-11 12:59:58,457 - INFO - Calling API: https://api.twelvedata.com/price for 120 symbols
2025-04-11 12:59:58,615 - ERROR - API Error 429: You have run out of API credits for the day. 13084 API credits were used, with the current limit being 800. Wait for the next day or consider switching to a paid plan that will remove daily limits at https://twelvedata.com/pricing
2025-04-11 12:59:58,617 - INFO - Fetching batch 44/1020 (120 symbols)
2025-04-11 12:59:58,617 - INFO - Calling API: https://api.twelvedata.com/price for 120 symbols
2025-04-11 12:59:58,750 - ERROR - API Error 429: You have run out of API credits for the day. 13204 API credits were used, with the current limit being 800. Wait for the next day or consider switching to a paid plan that will remove daily limits at https://twelvedata.com/pricing
2025-04-11 12:59:58,750 - INFO - Fetching batch 45/1020 (120 symbols)
2025-04-11 12:59:58,751 - INFO - Calling API: https://api.twelvedata.com/price for 120 symbols
2025-04-11 12:59:58,916 - ERROR - API Error 429: You have run out of API credits for the day. 13324 API credits were used, with the current limit being 800. Wait for the next day or consider switching to a paid plan that will remove daily limits at https://twelvedata.com/pricing
2025-04-11 12:59:58,918 - INFO - Fetching batch 46/1020 (120 symbols)
2025-04-11 12:59:58,918 - INFO - Calling API: https://api.twelvedata.com/price for 120 symbols
2025-04-11 12:59:59,106 - ERROR - API Error 429: You have run out of API credits for the day. 13444 API credits were used, with the current limit being 800. Wait for the next day or consider switching to a paid plan that will remove daily limits at https://twelvedata.com/pricing
2025-04-11 12:59:59,107 - INFO - Fetching batch 47/1020 (120 symbols)
2025-04-11 12:59:59,107 - INFO - Calling API: https://api.twelvedata.com/price for 120 symbols
2025-04-11 12:59:59,381 - ERROR - API Error 429: You have run out of API credits for the day. 13564 API credits were used, with the current limit being 800. Wait for the next day or consider switching to a paid plan that will remove daily limits at https://twelvedata.com/pricing
2025-04-11 12:59:59,382 - INFO - Fetching batch 48/1020 (120 symbols)
2025-04-11 12:59:59,383 - INFO - Calling API: https://api.twelvedata.com/price for 120 symbols
2025-04-11 12:59:59,627 - ERROR - API Error 429: You have run out of API credits for the day. 13684 API credits were used, with the current limit being 800. Wait for the next day or consider switching to a paid plan that will remove daily limits at https://twelvedata.com/pricing
2025-04-11 12:59:59,628 - INFO - Fetching batch 49/1020 (120 symbols)
2025-04-11 12:59:59,628 - INFO - Calling API: https://api.twelvedata.com/price for 120 symbols
2025-04-11 12:59:59,814 - ERROR - API Error 429: You have run out of API credits for the day. 13804 API credits were used, with the current limit being 800. Wait for the next day or consider switching to a paid plan that will remove daily limits at https://twelvedata.com/pricing
2025-04-11 12:59:59,815 - INFO - Fetching batch 50/1020 (120 symbols)
2025-04-11 12:59:59,815 - INFO - Calling API: https://api.twelvedata.com/price for 120 symbols
2025-04-11 13:00:00,003 - ERROR - API Error 429: You have run out of API credits for the day. 13924 API credits were used, with the current limit being 800. Wait for the next day or consider switching to a paid plan that will remove daily limits at https://twelvedata.com/pricing
2025-04-11 13:00:00,004 - INFO - Fetching batch 51/1020 (120 symbols)
2025-04-11 13:00:00,006 - INFO - Calling API: https://api.twelvedata.com/price for 120 symbols
2025-04-11 13:00:00,237 - ERROR - API Error 429: You have run out of API credits for the day. 14044 API credits were used, with the current limit being 800. Wait for the next day or consider switching to a paid plan that will remove daily limits at https://twelvedata.com/pricing
2025-04-11 13:00:00,238 - INFO - Fetching batch 52/1020 (120 symbols)
2025-04-11 13:00:00,238 - INFO - Calling API: https://api.twelvedata.com/price for 120 symbols
2025-04-11 13:00:00,431 - ERROR - API Error 429: You have run out of API credits for the day. 14164 API credits were used, with the current limit being 800. Wait for the next day or consider switching to a paid plan that will remove daily limits at https://twelvedata.com/pricing
2025-04-11 13:00:00,432 - INFO - Fetching batch 53/1020 (120 symbols)
2025-04-11 13:00:00,432 - INFO - Calling API: https://api.twelvedata.com/price for 120 symbols
2025-04-11 13:00:00,587 - ERROR - API Error 429: You have run out of API credits for the day. 14284 API credits were used, with the current limit being 800. Wait for the next day or consider switching to a paid plan that will remove daily limits at https://twelvedata.com/pricing
2025-04-11 13:00:00,588 - INFO - Fetching batch 54/1020 (120 symbols)
2025-04-11 13:00:00,588 - INFO - Calling API: https://api.twelvedata.com/price for 120 symbols
2025-04-11 13:00:00,786 - ERROR - API Error 429: You have run out of API credits for the day. 14404 API credits were used, with the current limit being 800. Wait for the next day or consider switching to a paid plan that will remove daily limits at https://twelvedata.com/pricing
2025-04-11 13:00:00,786 - INFO - Fetching batch 55/1020 (120 symbols)
2025-04-11 13:00:00,786 - INFO - Calling API: https://api.twelvedata.com/price for 120 symbols
2025-04-11 13:00:00,954 - ERROR - API Error 429: You have run out of API credits for the day. 14524 API credits were used, with the current limit being 800. Wait for the next day or consider switching to a paid plan that will remove daily limits at https://twelvedata.com/pricing
2025-04-11 13:00:00,955 - INFO - Fetching batch 56/1020 (120 symbols)
2025-04-11 13:00:00,955 - INFO - Calling API: https://api.twelvedata.com/price for 120 symbols
2025-04-11 13:00:01,115 - ERROR - API Error 429: You have run out of API credits for the day. 14644 API credits were used, with the current limit being 800. Wait for the next day or consider switching to a paid plan that will remove daily limits at https://twelvedata.com/pricing
2025-04-11 13:00:01,115 - INFO - Fetching batch 57/1020 (120 symbols)
2025-04-11 13:00:01,115 - INFO - Calling API: https://api.twelvedata.com/price for 120 symbols
2025-04-11 13:00:01,296 - ERROR - API Error 429: You have run out of API credits for the day. 14764 API credits were used, with the current limit being 800. Wait for the next day or consider switching to a paid plan that will remove daily limits at https://twelvedata.com/pricing
2025-04-11 13:00:01,297 - INFO - Fetching batch 58/1020 (120 symbols)
2025-04-11 13:00:01,297 - INFO - Calling API: https://api.twelvedata.com/price for 120 symbols
2025-04-11 13:00:01,479 - ERROR - API Error 429: You have run out of API credits for the day. 14884 API credits were used, with the current limit being 800. Wait for the next day or consider switching to a paid plan that will remove daily limits at https://twelvedata.com/pricing
2025-04-11 13:00:01,481 - INFO - Fetching batch 59/1020 (120 symbols)
2025-04-11 13:00:01,481 - INFO - Calling API: https://api.twelvedata.com/price for 120 symbols
2025-04-11 13:00:01,769 - ERROR - API Error 429: You have run out of API credits for the day. 15004 API credits were used, with the current limit being 800. Wait for the next day or consider switching to a paid plan that will remove daily limits at https://twelvedata.com/pricing
2025-04-11 13:00:01,770 - INFO - Fetching batch 60/1020 (120 symbols)
2025-04-11 13:00:01,770 - INFO - Calling API: https://api.twelvedata.com/price for 120 symbols
2025-04-11 13:00:04,296 - ERROR - API Error 429: You have run out of API credits for the day. 15124 API credits were used, with the current limit being 800. Wait for the next day or consider switching to a paid plan that will remove daily limits at https://twelvedata.com/pricing
2025-04-11 13:00:04,296 - INFO - Fetching batch 61/1020 (120 symbols)
2025-04-11 13:00:04,297 - INFO - Calling API: https://api.twelvedata.com/price for 120 symbols
2025-04-11 13:00:04,509 - ERROR - API Error 429: You have run out of API credits for the day. 15244 API credits were used, with the current limit being 800. Wait for the next day or consider switching to a paid plan that will remove daily limits at https://twelvedata.com/pricing
2025-04-11 13:00:04,509 - INFO - Fetching batch 62/1020 (120 symbols)
2025-04-11 13:00:04,510 - INFO - Calling API: https://api.twelvedata.com/price for 120 symbols
2025-04-11 13:00:04,707 - ERROR - API Error 429: You have run out of API credits for the day. 15364 API credits were used, with the current limit being 800. Wait for the next day or consider switching to a paid plan that will remove daily limits at https://twelvedata.com/pricing
2025-04-11 13:00:04,707 - INFO - Fetching batch 63/1020 (120 symbols)
2025-04-11 13:00:04,708 - INFO - Calling API: https://api.twelvedata.com/price for 120 symbols
2025-04-11 13:00:04,868 - ERROR - API Error 429: You have run out of API credits for the day. 15484 API credits were used, with the current limit being 800. Wait for the next day or consider switching to a paid plan that will remove daily limits at https://twelvedata.com/pricing
2025-04-11 13:00:04,868 - INFO - Fetching batch 64/1020 (120 symbols)
2025-04-11 13:00:04,869 - INFO - Calling API: https://api.twelvedata.com/price for 120 symbols
2025-04-11 13:00:05,017 - ERROR - API Error 429: You have run out of API credits for the day. 15604 API credits were used, with the current limit being 800. Wait for the next day or consider switching to a paid plan that will remove daily limits at https://twelvedata.com/pricing
2025-04-11 13:00:05,018 - INFO - Fetching batch 65/1020 (120 symbols)
2025-04-11 13:00:05,019 - INFO - Calling API: https://api.twelvedata.com/price for 120 symbols
2025-04-11 13:00:05,203 - ERROR - API Error 429: You have run out of API credits for the day. 15724 API credits were used, with the current limit being 800. Wait for the next day or consider switching to a paid plan that will remove daily limits at https://twelvedata.com/pricing
2025-04-11 13:00:05,203 - INFO - Fetching batch 66/1020 (120 symbols)
2025-04-11 13:00:05,203 - INFO - Calling API: https://api.twelvedata.com/price for 120 symbols
2025-04-11 13:00:05,361 - ERROR - API Error 429: You have run out of API credits for the day. 15844 API credits were used, with the current limit being 800. Wait for the next day or consider switching to a paid plan that will remove daily limits at https://twelvedata.com/pricing
2025-04-11 13:00:05,362 - INFO - Fetching batch 67/1020 (120 symbols)
2025-04-11 13:00:05,362 - INFO - Calling API: https://api.twelvedata.com/price for 120 symbols
2025-04-11 13:00:05,600 - ERROR - API Error 429: You have run out of API credits for the day. 15964 API credits were used, with the current limit being 800. Wait for the next day or consider switching to a paid plan that will remove daily limits at https://twelvedata.com/pricing
2025-04-11 13:00:05,601 - INFO - Fetching batch 68/1020 (120 symbols)
2025-04-11 13:00:05,601 - INFO - Calling API: https://api.twelvedata.com/price for 120 symbols
2025-04-11 13:00:05,772 - ERROR - API Error 429: You have run out of API credits for the day. 16084 API credits were used, with the current limit being 800. Wait for the next day or consider switching to a paid plan that will remove daily limits at https://twelvedata.com/pricing
2025-04-11 13:00:05,773 - INFO - Fetching batch 69/1020 (120 symbols)
2025-04-11 13:00:05,773 - INFO - Calling API: https://api.twelvedata.com/price for 120 symbols
2025-04-11 13:00:05,934 - ERROR - API Error 429: You have run out of API credits for the day. 16204 API credits were used, with the current limit being 800. Wait for the next day or consider switching to a paid plan that will remove daily limits at https://twelvedata.com/pricing
2025-04-11 13:00:05,934 - INFO - Fetching batch 70/1020 (120 symbols)
2025-04-11 13:00:05,935 - INFO - Calling API: https://api.twelvedata.com/price for 120 symbols
2025-04-11 13:00:06,093 - ERROR - API Error 429: You have run out of API credits for the day. 16324 API credits were used, with the current limit being 800. Wait for the next day or consider switching to a paid plan that will remove daily limits at https://twelvedata.com/pricing
2025-04-11 13:00:06,094 - INFO - Fetching batch 71/1020 (120 symbols)
2025-04-11 13:00:06,094 - INFO - Calling API: https://api.twelvedata.com/price for 120 symbols
2025-04-11 13:00:06,249 - ERROR - API Error 429: You have run out of API credits for the day. 16444 API credits were used, with the current limit being 800. Wait for the next day or consider switching to a paid plan that will remove daily limits at https://twelvedata.com/pricing
2025-04-11 13:00:06,250 - INFO - Fetching batch 72/1020 (120 symbols)
2025-04-11 13:00:06,250 - INFO - Calling API: https://api.twelvedata.com/price for 120 symbols
2025-04-11 13:00:06,442 - ERROR - API Error 429: You have run out of API credits for the day. 16564 API credits were used, with the current limit being 800. Wait for the next day or consider switching to a paid plan that will remove daily limits at https://twelvedata.com/pricing
2025-04-11 13:00:06,443 - INFO - Fetching batch 73/1020 (120 symbols)
2025-04-11 13:00:06,443 - INFO - Calling API: https://api.twelvedata.com/price for 120 symbols
2025-04-11 13:00:06,604 - ERROR - API Error 429: You have run out of API credits for the day. 16684 API credits were used, with the current limit being 800. Wait for the next day or consider switching to a paid plan that will remove daily limits at https://twelvedata.com/pricing
2025-04-11 13:00:06,605 - INFO - Fetching batch 74/1020 (120 symbols)
2025-04-11 13:00:06,605 - INFO - Calling API: https://api.twelvedata.com/price for 120 symbols
2025-04-11 13:00:06,749 - ERROR - API Error 429: You have run out of API credits for the day. 16804 API credits were used, with the current limit being 800. Wait for the next day or consider switching to a paid plan that will remove daily limits at https://twelvedata.com/pricing
2025-04-11 13:00:06,750 - INFO - Fetching batch 75/1020 (120 symbols)
2025-04-11 13:00:06,750 - INFO - Calling API: https://api.twelvedata.com/price for 120 symbols
2025-04-11 13:00:06,935 - ERROR - API Error 429: You have run out of API credits for the day. 16924 API credits were used, with the current limit being 800. Wait for the next day or consider switching to a paid plan that will remove daily limits at https://twelvedata.com/pricing
2025-04-11 13:00:06,935 - INFO - Fetching batch 76/1020 (120 symbols)
2025-04-11 13:00:06,937 - INFO - Calling API: https://api.twelvedata.com/price for 120 symbols
2025-04-11 13:00:07,107 - ERROR - API Error 429: You have run out of API credits for the day. 17044 API credits were used, with the current limit being 800. Wait for the next day or consider switching to a paid plan that will remove daily limits at https://twelvedata.com/pricing
2025-04-11 13:00:07,108 - INFO - Fetching batch 77/1020 (120 symbols)
2025-04-11 13:00:07,108 - INFO - Calling API: https://api.twelvedata.com/price for 120 symbols
2025-04-11 13:00:07,260 - ERROR - API Error 429: You have run out of API credits for the day. 17164 API credits were used, with the current limit being 800. Wait for the next day or consider switching to a paid plan that will remove daily limits at https://twelvedata.com/pricing
2025-04-11 13:00:07,261 - INFO - Fetching batch 78/1020 (120 symbols)
2025-04-11 13:00:07,261 - INFO - Calling API: https://api.twelvedata.com/price for 120 symbols
2025-04-11 13:00:07,398 - ERROR - API Error 429: You have run out of API credits for the day. 17284 API credits were used, with the current limit being 800. Wait for the next day or consider switching to a paid plan that will remove daily limits at https://twelvedata.com/pricing
2025-04-11 13:00:07,398 - INFO - Fetching batch 79/1020 (120 symbols)
2025-04-11 13:00:07,398 - INFO - Calling API: https://api.twelvedata.com/price for 120 symbols
2025-04-11 13:00:07,535 - ERROR - API Error 429: You have run out of API credits for the day. 17404 API credits were used, with the current limit being 800. Wait for the next day or consider switching to a paid plan that will remove daily limits at https://twelvedata.com/pricing
2025-04-11 13:00:07,536 - INFO - Fetching batch 80/1020 (120 symbols)
2025-04-11 13:00:07,536 - INFO - Calling API: https://api.twelvedata.com/price for 120 symbols
2025-04-11 13:00:07,673 - ERROR - API Error 429: You have run out of API credits for the day. 17524 API credits were used, with the current limit being 800. Wait for the next day or consider switching to a paid plan that will remove daily limits at https://twelvedata.com/pricing
2025-04-11 13:00:07,674 - INFO - Fetching batch 81/1020 (120 symbols)
2025-04-11 13:00:07,674 - INFO - Calling API: https://api.twelvedata.com/price for 120 symbols
2025-04-11 13:00:07,808 - ERROR - API Error 429: You have run out of API credits for the day. 17644 API credits were used, with the current limit being 800. Wait for the next day or consider switching to a paid plan that will remove daily limits at https://twelvedata.com/pricing
2025-04-11 13:00:07,809 - INFO - Fetching batch 82/1020 (120 symbols)
2025-04-11 13:00:07,810 - INFO - Calling API: https://api.twelvedata.com/price for 120 symbols
2025-04-11 13:00:07,958 - ERROR - API Error 429: You have run out of API credits for the day. 17764 API credits were used, with the current limit being 800. Wait for the next day or consider switching to a paid plan that will remove daily limits at https://twelvedata.com/pricing
2025-04-11 13:00:07,959 - INFO - Fetching batch 83/1020 (120 symbols)
2025-04-11 13:00:07,959 - INFO - Calling API: https://api.twelvedata.com/price for 120 symbols
2025-04-11 13:00:08,201 - ERROR - API Error 429: You have run out of API credits for the day. 17884 API credits were used, with the current limit being 800. Wait for the next day or consider switching to a paid plan that will remove daily limits at https://twelvedata.com/pricing
2025-04-11 13:00:08,201 - INFO - Fetching batch 84/1020 (120 symbols)
2025-04-11 13:00:08,202 - INFO - Calling API: https://api.twelvedata.com/price for 120 symbols
2025-04-11 13:00:08,359 - ERROR - API Error 429: You have run out of API credits for the day. 18004 API credits were used, with the current limit being 800. Wait for the next day or consider switching to a paid plan that will remove daily limits at https://twelvedata.com/pricing
2025-04-11 13:00:08,359 - INFO - Fetching batch 85/1020 (120 symbols)
2025-04-11 13:00:08,360 - INFO - Calling API: https://api.twelvedata.com/price for 120 symbols
2025-04-11 13:00:08,518 - ERROR - API Error 429: You have run out of API credits for the day. 18124 API credits were used, with the current limit being 800. Wait for the next day or consider switching to a paid plan that will remove daily limits at https://twelvedata.com/pricing
2025-04-11 13:00:08,519 - INFO - Fetching batch 86/1020 (120 symbols)
2025-04-11 13:00:08,519 - INFO - Calling API: https://api.twelvedata.com/price for 120 symbols
2025-04-11 13:00:08,710 - ERROR - API Error 429: You have run out of API credits for the day. 18244 API credits were used, with the current limit being 800. Wait for the next day or consider switching to a paid plan that will remove daily limits at https://twelvedata.com/pricing
2025-04-11 13:00:08,711 - INFO - Fetching batch 87/1020 (120 symbols)
2025-04-11 13:00:08,711 - INFO - Calling API: https://api.twelvedata.com/price for 120 symbols
2025-04-11 13:00:08,875 - ERROR - API Error 429: You have run out of API credits for the day. 18364 API credits were used, with the current limit being 800. Wait for the next day or consider switching to a paid plan that will remove daily limits at https://twelvedata.com/pricing
2025-04-11 13:00:08,875 - INFO - Fetching batch 88/1020 (120 symbols)
2025-04-11 13:00:08,876 - INFO - Calling API: https://api.twelvedata.com/price for 120 symbols
2025-04-11 13:00:09,111 - ERROR - API Error 429: You have run out of API credits for the day. 18484 API credits were used, with the current limit being 800. Wait for the next day or consider switching to a paid plan that will remove daily limits at https://twelvedata.com/pricing
2025-04-11 13:00:09,112 - INFO - Fetching batch 89/1020 (120 symbols)
2025-04-11 13:00:09,112 - INFO - Calling API: https://api.twelvedata.com/price for 120 symbols
2025-04-11 13:00:09,389 - ERROR - API Error 429: You have run out of API credits for the day. 18604 API credits were used, with the current limit being 800. Wait for the next day or consider switching to a paid plan that will remove daily limits at https://twelvedata.com/pricing
2025-04-11 13:00:09,389 - INFO - Fetching batch 90/1020 (120 symbols)
2025-04-11 13:00:09,390 - INFO - Calling API: https://api.twelvedata.com/price for 120 symbols
2025-04-11 13:00:09,538 - ERROR - API Error 429: You have run out of API credits for the day. 18724 API credits were used, with the current limit being 800. Wait for the next day or consider switching to a paid plan that will remove daily limits at https://twelvedata.com/pricing
2025-04-11 13:00:09,538 - INFO - Fetching batch 91/1020 (120 symbols)
2025-04-11 13:00:09,538 - INFO - Calling API: https://api.twelvedata.com/price for 120 symbols
2025-04-11 13:00:09,691 - ERROR - API Error 429: You have run out of API credits for the day. 18844 API credits were used, with the current limit being 800. Wait for the next day or consider switching to a paid plan that will remove daily limits at https://twelvedata.com/pricing
2025-04-11 13:00:09,692 - INFO - Fetching batch 92/1020 (120 symbols)
2025-04-11 13:00:09,692 - INFO - Calling API: https://api.twelvedata.com/price for 120 symbols
2025-04-11 13:00:09,850 - ERROR - API Error 429: You have run out of API credits for the day. 18964 API credits were used, with the current limit being 800. Wait for the next day or consider switching to a paid plan that will remove daily limits at https://twelvedata.com/pricing
2025-04-11 13:00:09,851 - INFO - Fetching batch 93/1020 (120 symbols)
2025-04-11 13:00:09,851 - INFO - Calling API: https://api.twelvedata.com/price for 120 symbols
2025-04-11 13:00:10,004 - ERROR - API Error 429: You have run out of API credits for the day. 19084 API credits were used, with the current limit being 800. Wait for the next day or consider switching to a paid plan that will remove daily limits at https://twelvedata.com/pricing
2025-04-11 13:00:10,005 - INFO - Fetching batch 94/1020 (120 symbols)
2025-04-11 13:00:10,005 - INFO - Calling API: https://api.twelvedata.com/price for 120 symbols
2025-04-11 13:00:10,164 - ERROR - API Error 429: You have run out of API credits for the day. 19204 API credits were used, with the current limit being 800. Wait for the next day or consider switching to a paid plan that will remove daily limits at https://twelvedata.com/pricing
2025-04-11 13:00:10,166 - INFO - Fetching batch 95/1020 (120 symbols)
2025-04-11 13:00:10,166 - INFO - Calling API: https://api.twelvedata.com/price for 120 symbols
2025-04-11 13:00:10,338 - ERROR - API Error 429: You have run out of API credits for the day. 19324 API credits were used, with the current limit being 800. Wait for the next day or consider switching to a paid plan that will remove daily limits at https://twelvedata.com/pricing
2025-04-11 13:00:10,338 - INFO - Fetching batch 96/1020 (120 symbols)
2025-04-11 13:00:10,338 - INFO - Calling API: https://api.twelvedata.com/price for 120 symbols
2025-04-11 13:00:10,499 - ERROR - API Error 429: You have run out of API credits for the day. 19444 API credits were used, with the current limit being 800. Wait for the next day or consider switching to a paid plan that will remove daily limits at https://twelvedata.com/pricing
2025-04-11 13:00:10,500 - INFO - Fetching batch 97/1020 (120 symbols)
2025-04-11 13:00:10,500 - INFO - Calling API: https://api.twelvedata.com/price for 120 symbols
2025-04-11 13:00:10,653 - ERROR - API Error 429: You have run out of API credits for the day. 19564 API credits were used, with the current limit being 800. Wait for the next day or consider switching to a paid plan that will remove daily limits at https://twelvedata.com/pricing
2025-04-11 13:00:10,654 - INFO - Fetching batch 98/1020 (120 symbols)
2025-04-11 13:00:10,654 - INFO - Calling API: https://api.twelvedata.com/price for 120 symbols
2025-04-11 13:00:10,794 - ERROR - API Error 429: You have run out of API credits for the day. 19684 API credits were used, with the current limit being 800. Wait for the next day or consider switching to a paid plan that will remove daily limits at https://twelvedata.com/pricing
2025-04-11 13:00:10,794 - INFO - Fetching batch 99/1020 (120 symbols)
2025-04-11 13:00:10,795 - INFO - Calling API: https://api.twelvedata.com/price for 120 symbols
2025-04-11 13:00:10,956 - ERROR - API Error 429: You have run out of API credits for the day. 19804 API credits were used, with the current limit being 800. Wait for the next day or consider switching to a paid plan that will remove daily limits at https://twelvedata.com/pricing
2025-04-11 13:00:10,958 - INFO - Fetching batch 100/1020 (120 symbols)
2025-04-11 13:00:10,958 - INFO - Calling API: https://api.twelvedata.com/price for 120 symbols
2025-04-11 13:00:11,176 - ERROR - API Error 429: You have run out of API credits for the day. 19924 API credits were used, with the current limit being 800. Wait for the next day or consider switching to a paid plan that will remove daily limits at https://twelvedata.com/pricing
2025-04-11 13:00:11,176 - INFO - Fetching batch 101/1020 (120 symbols)
2025-04-11 13:00:11,177 - INFO - Calling API: https://api.twelvedata.com/price for 120 symbols
2025-04-11 13:00:11,308 - ERROR - API Error 429: You have run out of API credits for the day. 20044 API credits were used, with the current limit being 800. Wait for the next day or consider switching to a paid plan that will remove daily limits at https://twelvedata.com/pricing
2025-04-11 13:00:11,309 - INFO - Fetching batch 102/1020 (120 symbols)
2025-04-11 13:00:11,309 - INFO - Calling API: https://api.twelvedata.com/price for 120 symbols
2025-04-11 13:00:11,461 - ERROR - API Error 429: You have run out of API credits for the day. 20164 API credits were used, with the current limit being 800. Wait for the next day or consider switching to a paid plan that will remove daily limits at https://twelvedata.com/pricing
2025-04-11 13:00:11,462 - INFO - Fetching batch 103/1020 (120 symbols)
2025-04-11 13:00:11,462 - INFO - Calling API: https://api.twelvedata.com/price for 120 symbols
2025-04-11 13:00:11,643 - ERROR - API Error 429: You have run out of API credits for the day. 20284 API credits were used, with the current limit being 800. Wait for the next day or consider switching to a paid plan that will remove daily limits at https://twelvedata.com/pricing
2025-04-11 13:00:11,644 - INFO - Fetching batch 104/1020 (120 symbols)
2025-04-11 13:00:11,644 - INFO - Calling API: https://api.twelvedata.com/price for 120 symbols
2025-04-11 13:00:11,802 - ERROR - API Error 429: You have run out of API credits for the day. 20404 API credits were used, with the current limit being 800. Wait for the next day or consider switching to a paid plan that will remove daily limits at https://twelvedata.com/pricing
2025-04-11 13:00:11,802 - INFO - Fetching batch 105/1020 (120 symbols)
2025-04-11 13:00:11,803 - INFO - Calling API: https://api.twelvedata.com/price for 120 symbols
2025-04-11 13:00:11,972 - ERROR - API Error 429: You have run out of API credits for the day. 20524 API credits were used, with the current limit being 800. Wait for the next day or consider switching to a paid plan that will remove daily limits at https://twelvedata.com/pricing
2025-04-11 13:00:11,973 - INFO - Fetching batch 106/1020 (120 symbols)
2025-04-11 13:00:11,973 - INFO - Calling API: https://api.twelvedata.com/price for 120 symbols
2025-04-11 13:00:12,130 - ERROR - API Error 429: You have run out of API credits for the day. 20644 API credits were used, with the current limit being 800. Wait for the next day or consider switching to a paid plan that will remove daily limits at https://twelvedata.com/pricing
2025-04-11 13:00:12,130 - INFO - Fetching batch 107/1020 (120 symbols)
2025-04-11 13:00:12,132 - INFO - Calling API: https://api.twelvedata.com/price for 120 symbols
2025-04-11 13:00:12,319 - ERROR - API Error 429: You have run out of API credits for the day. 20764 API credits were used, with the current limit being 800. Wait for the next day or consider switching to a paid plan that will remove daily limits at https://twelvedata.com/pricing
2025-04-11 13:00:12,319 - INFO - Fetching batch 108/1020 (120 symbols)
2025-04-11 13:00:12,319 - INFO - Calling API: https://api.twelvedata.com/price for 120 symbols
2025-04-11 13:00:12,489 - ERROR - API Error 429: You have run out of API credits for the day. 20884 API credits were used, with the current limit being 800. Wait for the next day or consider switching to a paid plan that will remove daily limits at https://twelvedata.com/pricing
2025-04-11 13:00:12,489 - INFO - Fetching batch 109/1020 (120 symbols)
2025-04-11 13:00:12,489 - INFO - Calling API: https://api.twelvedata.com/price for 120 symbols
2025-04-11 13:00:12,671 - ERROR - API Error 429: You have run out of API credits for the day. 21004 API credits were used, with the current limit being 800. Wait for the next day or consider switching to a paid plan that will remove daily limits at https://twelvedata.com/pricing
2025-04-11 13:00:12,672 - INFO - Fetching batch 110/1020 (120 symbols)
2025-04-11 13:00:12,672 - INFO - Calling API: https://api.twelvedata.com/price for 120 symbols
2025-04-11 13:00:12,821 - ERROR - API Error 429: You have run out of API credits for the day. 21124 API credits were used, with the current limit being 800. Wait for the next day or consider switching to a paid plan that will remove daily limits at https://twelvedata.com/pricing
2025-04-11 13:00:12,822 - INFO - Fetching batch 111/1020 (120 symbols)
2025-04-11 13:00:12,822 - INFO - Calling API: https://api.twelvedata.com/price for 120 symbols
2025-04-11 13:00:12,963 - ERROR - API Error 429: You have run out of API credits for the day. 21244 API credits were used, with the current limit being 800. Wait for the next day or consider switching to a paid plan that will remove daily limits at https://twelvedata.com/pricing
2025-04-11 13:00:12,963 - INFO - Fetching batch 112/1020 (120 symbols)
2025-04-11 13:00:12,963 - INFO - Calling API: https://api.twelvedata.com/price for 120 symbols
2025-04-11 13:00:13,094 - ERROR - API Error 429: You have run out of API credits for the day. 21364 API credits were used, with the current limit being 800. Wait for the next day or consider switching to a paid plan that will remove daily limits at https://twelvedata.com/pricing
2025-04-11 13:00:13,094 - INFO - Fetching batch 113/1020 (120 symbols)
2025-04-11 13:00:13,095 - INFO - Calling API: https://api.twelvedata.com/price for 120 symbols
2025-04-11 13:00:13,233 - ERROR - API Error 429: You have run out of API credits for the day. 21484 API credits were used, with the current limit being 800. Wait for the next day or consider switching to a paid plan that will remove daily limits at https://twelvedata.com/pricing
2025-04-11 13:00:13,234 - INFO - Fetching batch 114/1020 (120 symbols)
2025-04-11 13:00:13,234 - INFO - Calling API: https://api.twelvedata.com/price for 120 symbols
2025-04-11 13:00:13,250 - INFO - Database connection closed.
2025-04-12 16:26:11,738 - INFO - --- Starting Market Data Fetcher (Configured Interval: 3600s) ---
2025-04-12 16:26:11,748 - INFO - Attempting database connection...
2025-04-12 16:26:13,811 - INFO - Database connected successfully.
2025-04-12 16:26:14,122 - INFO - Found 128460 assets to track in DB.
2025-04-12 16:26:14,129 - INFO - Tracking 128460 symbols.
2025-04-12 16:26:14,130 - INFO - Configured Interval: 3600s
2025-04-12 16:26:14,130 - INFO - Credits per run: 128460
2025-04-12 16:26:14,130 - INFO - Estimated daily credits: 3083040 / 800
2025-04-12 16:26:14,130 - INFO - Minimum interval required for minutely limit (8/min): 963480s (16058 min)
2025-04-12 16:26:14,131 - ERROR - Configured interval (3600s) is SHORTER than the required minimum (963480s) to stay within the 8/min limit for 128460 symbols. SKIPPING FETCH.
2025-04-12 16:26:14,131 - ERROR - ACTION NEEDED: Increase FETCH_INTERVAL_SECONDS in .env or reduce tracked symbols.
2025-04-12 16:26:14,131 - INFO - Database connection closed.
2025-04-12 16:26:14,135 - INFO - Run finished in 2.39s. Sleeping for 3597.61s until next run...
2025-04-12 16:33:03,145 - INFO - market_data_fetcher - --- Starting Market Data Fetcher (Configured Interval: 5430s) ---
2025-04-12 16:33:03,145 - INFO - market_data_fetcher - Attempting database connection...
2025-04-12 16:33:05,220 - INFO - market_data_fetcher - Database connected successfully.
2025-04-12 16:33:05,221 - INFO - market_data_fetcher - Found 2 assets with api_symbol in DB.
2025-04-12 16:33:05,221 - INFO - market_data_fetcher - Tracking 2 symbols requires 2 credits per run.
2025-04-12 16:33:05,222 - INFO - market_data_fetcher - Min interval for 8/min limit: 60s (1 min).
2025-04-12 16:33:05,222 - INFO - market_data_fetcher - Min interval for 800/day limit: 216s.
2025-04-12 16:33:05,222 - INFO - market_data_fetcher - => Calculated safe interval (incl. buffer): 246s.
2025-04-12 16:33:05,223 - INFO - market_data_fetcher - Configured interval in .env: 5430s.
2025-04-12 16:33:05,223 - INFO - market_data_fetcher - Configured interval is sufficient for rate limits.
2025-04-12 16:33:05,223 - INFO - market_data_fetcher - Fetching data in 1 batch(es)...
2025-04-12 16:33:05,223 - INFO - market_data_fetcher - Fetching batch 1/1 (2 symbols)
2025-04-12 16:33:05,396 - INFO - market_data_fetcher - API fetch completed in 0.17 seconds.
2025-04-12 16:33:05,396 - INFO - market_data_fetcher - Processed 2 symbols successfully, 0 symbols with errors/warnings.
2025-04-12 16:33:05,410 - INFO - market_data_fetcher - Database update: 2 price records affected in 0.01 seconds.
2025-04-12 16:33:05,411 - INFO - market_data_fetcher - Database connection closed.
2025-04-12 16:33:05,411 - INFO - market_data_fetcher - Run finished in 2.27s. Sleeping for 5427.73s (based on interval: 5430s)...
2025-04-12 16:33:32,501 - INFO - market_data_fetcher - --- Starting Market Data Fetcher (Configured Interval: 3600s) ---
2025-04-12 16:33:32,501 - INFO - market_data_fetcher - Attempting database connection...
2025-04-12 16:33:34,562 - INFO - market_data_fetcher - Database connected successfully.
2025-04-12 16:33:34,563 - INFO - market_data_fetcher - Found 2 assets with api_symbol in DB.
2025-04-12 16:33:34,563 - INFO - market_data_fetcher - Tracking 2 symbols requires 2 credits per run.
2025-04-12 16:33:34,564 - INFO - market_data_fetcher - Min interval for 8/min limit: 60s (1 min).
2025-04-12 16:33:34,564 - INFO - market_data_fetcher - Min interval for 800/day limit: 216s.
2025-04-12 16:33:34,564 - INFO - market_data_fetcher - => Calculated safe interval (incl. buffer): 246s.
2025-04-12 16:33:34,564 - INFO - market_data_fetcher - Configured interval in .env: 3600s.
2025-04-12 16:33:34,564 - INFO - market_data_fetcher - Configured interval is sufficient for rate limits.
2025-04-12 16:33:34,564 - INFO - market_data_fetcher - Fetching data in 1 batch(es)...
2025-04-12 16:33:34,566 - INFO - market_data_fetcher - Fetching batch 1/1 (2 symbols)
2025-04-12 16:33:34,658 - INFO - market_data_fetcher - API fetch completed in 0.09 seconds.
2025-04-12 16:33:34,658 - INFO - market_data_fetcher - Processed 2 symbols successfully, 0 symbols with errors/warnings.
2025-04-12 16:33:34,663 - INFO - market_data_fetcher - Database update: 2 price records affected in 0.00 seconds.
2025-04-12 16:33:34,663 - INFO - market_data_fetcher - Database connection closed.
2025-04-12 16:33:34,663 - INFO - market_data_fetcher - Run finished in 2.16s. Sleeping for 3597.84s (based on interval: 3600s)...
2025-04-12 16:34:46,524 - INFO - market_data_fetcher - --- Starting Market Data Fetcher (Configured Interval: 300s) ---
2025-04-12 16:34:46,524 - INFO - market_data_fetcher - Attempting database connection...
2025-04-12 16:34:48,595 - INFO - market_data_fetcher - Database connected successfully.
2025-04-12 16:34:48,597 - INFO - market_data_fetcher - Found 2 assets with api_symbol in DB.
2025-04-12 16:34:48,597 - INFO - market_data_fetcher - Tracking 2 symbols requires 2 credits per run.
2025-04-12 16:34:48,597 - INFO - market_data_fetcher - Min interval for 8/min limit: 60s (1 min).
2025-04-12 16:34:48,597 - INFO - market_data_fetcher - Min interval for 800/day limit: 216s.
2025-04-12 16:34:48,598 - INFO - market_data_fetcher - => Calculated safe interval (incl. buffer): 246s.
2025-04-12 16:34:48,598 - INFO - market_data_fetcher - Configured interval in .env: 300s.
2025-04-12 16:34:48,598 - INFO - market_data_fetcher - Configured interval is sufficient for rate limits.
2025-04-12 16:34:48,598 - INFO - market_data_fetcher - Fetching data in 1 batch(es)...
2025-04-12 16:34:48,599 - INFO - market_data_fetcher - Fetching batch 1/1 (2 symbols)
2025-04-12 16:34:48,671 - INFO - market_data_fetcher - API fetch completed in 0.07 seconds.
2025-04-12 16:34:48,671 - INFO - market_data_fetcher - Processed 2 symbols successfully, 0 symbols with errors/warnings.
2025-04-12 16:34:48,684 - INFO - market_data_fetcher - Database update: 2 price records affected in 0.01 seconds.
2025-04-12 16:34:48,684 - INFO - market_data_fetcher - Database connection closed.
2025-04-12 16:34:48,684 - INFO - market_data_fetcher - Run finished in 2.16s. Sleeping for 297.84s (based on interval: 300s)...
2025-04-12 16:42:49,047 - INFO - market_data_fetcher - --- Starting Market Data Fetcher (Configured Interval: 300s) ---
2025-04-12 16:42:49,047 - INFO - market_data_fetcher - Attempting database connection...
2025-04-12 16:42:51,131 - INFO - market_data_fetcher - Database connected successfully.
2025-04-12 16:42:51,491 - INFO - market_data_fetcher - Found 128401 assets with api_symbol in DB.
2025-04-12 16:42:51,500 - INFO - market_data_fetcher - Tracking 128401 symbols requires 128401 credits per run.
2025-04-12 16:42:51,500 - INFO - market_data_fetcher - Min interval for 8/min limit: 963060s (16051 min).
2025-04-12 16:42:51,510 - INFO - market_data_fetcher - Min interval for 800/day limit: infs.
2025-04-12 16:42:51,510 - INFO - market_data_fetcher - => Calculated safe interval (incl. buffer): infs.
2025-04-12 16:42:51,510 - INFO - market_data_fetcher - Configured interval in .env: 300s.
2025-04-12 16:42:51,511 - ERROR - market_data_fetcher - CONFIG ERROR: Configured interval (300s) is SHORTER than calculated safe interval (infs) for 128401 symbols.
2025-04-12 16:42:51,511 - ERROR - market_data_fetcher - ACTION NEEDED: Increase FETCH_INTERVAL_SECONDS in .env to at least inf OR reduce tracked symbols.
2025-04-12 16:42:51,511 - WARNING - market_data_fetcher - SKIPPING API fetch this cycle to prevent limit violations.
2025-04-12 16:42:51,512 - INFO - market_data_fetcher - Database connection closed.
2025-04-12 16:42:51,516 - INFO - market_data_fetcher - Run finished in 2.47s. Sleeping for infs (based on interval: infs)...
2025-04-12 16:45:12,898 - INFO - market_data_fetcher - --- Starting Market Data Fetcher (Configured Interval: 300s) ---
2025-04-12 16:45:12,900 - INFO - market_data_fetcher - Attempting database connection...
2025-04-12 16:45:14,970 - INFO - market_data_fetcher - Database connected successfully.
2025-04-12 16:45:14,972 - INFO - market_data_fetcher - Found 4 assets with api_symbol in DB.
2025-04-12 16:45:14,972 - INFO - market_data_fetcher - Tracking 4 symbols requires 4 credits per run.
2025-04-12 16:45:14,972 - INFO - market_data_fetcher - Min interval for 8/min limit: 60s (1 min).
2025-04-12 16:45:14,973 - INFO - market_data_fetcher - Min interval for 800/day limit: 432s.
2025-04-12 16:45:14,973 - INFO - market_data_fetcher - => Calculated safe interval (incl. buffer): 462s.
2025-04-12 16:45:14,973 - INFO - market_data_fetcher - Configured interval in .env: 300s.
2025-04-12 16:45:14,973 - ERROR - market_data_fetcher - CONFIG ERROR: Configured interval (300s) is SHORTER than calculated safe interval (462s) for 4 symbols.
2025-04-12 16:45:14,974 - ERROR - market_data_fetcher - ACTION NEEDED: Increase FETCH_INTERVAL_SECONDS in .env to at least 462 OR reduce tracked symbols.
2025-04-12 16:45:14,974 - WARNING - market_data_fetcher - SKIPPING API fetch this cycle to prevent limit violations.
2025-04-12 16:45:14,974 - INFO - market_data_fetcher - Database connection closed.
2025-04-12 16:45:14,974 - INFO - market_data_fetcher - Run finished in 2.07s. Sleeping for 459.93s (based on interval: 462s)...
2025-04-12 16:45:41,717 - INFO - market_data_fetcher - --- Starting Market Data Fetcher (Configured Interval: 500s) ---
2025-04-12 16:45:41,717 - INFO - market_data_fetcher - Attempting database connection...
2025-04-12 16:45:43,805 - INFO - market_data_fetcher - Database connected successfully.
2025-04-12 16:45:43,806 - INFO - market_data_fetcher - Found 4 assets with api_symbol in DB.
2025-04-12 16:45:43,806 - INFO - market_data_fetcher - Tracking 4 symbols requires 4 credits per run.
2025-04-12 16:45:43,807 - INFO - market_data_fetcher - Min interval for 8/min limit: 60s (1 min).
2025-04-12 16:45:43,807 - INFO - market_data_fetcher - Min interval for 800/day limit: 432s.
2025-04-12 16:45:43,807 - INFO - market_data_fetcher - => Calculated safe interval (incl. buffer): 462s.
2025-04-12 16:45:43,807 - INFO - market_data_fetcher - Configured interval in .env: 500s.
2025-04-12 16:45:43,807 - INFO - market_data_fetcher - Configured interval is sufficient for rate limits.
2025-04-12 16:45:43,807 - INFO - market_data_fetcher - Fetching data in 1 batch(es)...
2025-04-12 16:45:43,808 - INFO - market_data_fetcher - Fetching batch 1/1 (4 symbols)
2025-04-12 16:45:43,897 - INFO - market_data_fetcher - API fetch completed in 0.09 seconds.
2025-04-12 16:45:43,897 - INFO - market_data_fetcher - Processed 4 symbols successfully, 0 symbols with errors/warnings.
2025-04-12 16:45:43,910 - INFO - market_data_fetcher - Database update: 4 price records affected in 0.01 seconds.
2025-04-12 16:45:43,910 - INFO - market_data_fetcher - Database connection closed.
2025-04-12 16:45:43,911 - INFO - market_data_fetcher - Run finished in 2.19s. Sleeping for 497.81s (based on interval: 500s)...
